app/seeds.txt
com.histone.usbassistant.R$styleable: int FontFamily_fontProviderFetchStrategy
com.histone.usbassistant.R$attr: int state_above_anchor
com.histone.usbassistant.R$string: int abc_font_family_body_1_material
com.histone.usbassistant.R$attr: int progressBarPadding
com.histone.usbassistant.R$drawable: int abc_ab_share_pack_mtrl_alpha
com.histone.usbassistant.R$style: int TextAppearance_AppCompat_Widget_ActionMode_Title
com.histone.usbassistant.R$styleable: int[] ColorStateListItem
com.histone.usbassistant.R$dimen: int notification_action_icon_size
com.histone.usbassistant.R$style: int ThemeOverlay_AppCompat_Light
com.histone.usbassistant.MainActivity: com.histone.usbassistant.Usb usb
com.histone.usbassistant.R$attr: int buttonBarPositiveButtonStyle
com.histone.usbassistant.R$dimen: int abc_text_size_display_1_material
com.histone.usbassistant.R$attr: int backgroundTintMode
com.histone.usbassistant.R$styleable: int MenuView_android_verticalDivider
com.histone.usbassistant.R$dimen: int abc_text_size_medium_material
com.histone.usbassistant.R$attr: int layout
com.histone.usbassistant.R$styleable: int FontFamilyFont_android_fontVariationSettings
com.histone.usbassistant.R$style: int TextAppearance_AppCompat_Light_SearchResult_Subtitle
com.histone.usbassistant.R$styleable: int ConstraintLayout_Layout_layout_constraintEnd_toEndOf
com.histone.usbassistant.R$styleable: int AppCompatTheme_listPopupWindowStyle
com.histone.usbassistant.R$styleable: int LinearLayoutCompat_android_weightSum
com.histone.usbassistant.R$drawable: int abc_text_select_handle_left_mtrl_dark
com.histone.usbassistant.R$id: int content
com.histone.usbassistant.R$attr: int paddingTopNoTitle
com.histone.usbassistant.BytesUtil: byte[] short2Bytes(short)
com.histone.usbassistant.R$style: int Widget_AppCompat_ActionBar_TabText
com.histone.usbassistant.R$style: int Base_Widget_AppCompat_ActionBar_TabBar
com.histone.usbassistant.R$attr: int colorAccent
com.histone.usbassistant.R$id: int tv_deviceList
com.histone.usbassistant.R$id: int action_bar
com.histone.usbassistant.R$id: int src_in
com.histone.usbassistant.R$id: int cb_isFileSend
com.histone.usbassistant.R$styleable: int[] StateListDrawable
com.histone.usbassistant.R$attr: int spinBars
com.histone.usbassistant.R$attr: int constraint_referenced_ids
com.histone.usbassistant.R$string: int abc_searchview_description_submit
com.histone.usbassistant.R$id: int text
com.histone.usbassistant.R$styleable: int[] ViewStubCompat
com.histone.usbassistant.R$styleable: int AppCompatTheme_actionBarTabStyle
com.histone.usbassistant.R$styleable: int ConstraintSet_layout_constraintWidth_max
com.histone.usbassistant.R$attr: int iconTint
com.histone.usbassistant.R$color: int background_material_light
com.histone.usbassistant.R$styleable: int Toolbar_logo
com.histone.usbassistant.MainActivity: android.widget.EditText et_receive
com.histone.usbassistant.R$styleable: int[] ConstraintSet
com.histone.usbassistant.R$styleable: int[] CoordinatorLayout
com.histone.usbassistant.R$attr: int layout_constraintGuide_begin
com.histone.usbassistant.R$layout: int abc_search_dropdown_item_icons_2line
com.histone.usbassistant.R$styleable: int AppCompatTheme_dropDownListViewStyle
com.histone.usbassistant.R$attr: int tooltipForegroundColor
com.histone.usbassistant.R$style: int Base_V7_Widget_AppCompat_Toolbar
com.histone.usbassistant.R$id: int CTRL
com.histone.usbassistant.R$attr: int buttonBarStyle
com.histone.usbassistant.MainActivity: boolean isConnected
com.histone.usbassistant.R$styleable: int MenuItem_android_orderInCategory
com.histone.usbassistant.R$styleable: int View_theme
com.histone.usbassistant.R$id: int src_over
com.histone.usbassistant.R$style: int Theme_AppCompat
com.histone.usbassistant.R$color: int background_floating_material_dark
com.histone.usbassistant.UsbDeviceReceiver$1: UsbDeviceReceiver$1(com.histone.usbassistant.UsbDeviceReceiver)
...
androidx.core.app.NotificationCompat$Builder: androidx.core.app.NotificationCompat$Builder setGroupSummary(boolean)
androidx.recyclerview.widget.PagerSnapHelper$1: int calculateTimeForScrolling(int)
androidx.appcompat.app.AppCompatDelegateImpl: androidx.appcompat.app.ActionBar mActionBar
androidx.recyclerview.widget.LinearLayoutManager$LayoutState: void assignPositionFromScrapList()
androidx.appcompat.widget.SearchView$10: void beforeTextChanged(java.lang.CharSequence,int,int,int)
androidx.appcompat.view.StandaloneActionMode: androidx.appcompat.view.menu.MenuBuilder mMenu
androidx.vectordrawable.R$styleable: int FontFamily_fontProviderPackage
com.thl.filechooser.R$attr: int buttonIconDimen
androidx.constraintlayout.widget.ConstraintLayout$LayoutParams: boolean isHelper
androidx.appcompat.widget.SearchView: boolean mIconifiedByDefault
androidx.core.widget.TextViewCompat$OreoCallback: boolean isEditable(android.widget.TextView)
androidx.core.view.AccessibilityDelegateCompat: android.view.View$AccessibilityDelegate DEFAULT_DELEGATE
androidx.appcompat.app.ActionBarDrawerToggle: void setPosition(float)
androidx.appcompat.widget.ActionBarContainer: boolean mIsTransitioning
androidx.recyclerview.widget.RecyclerView: void startInterceptRequestLayout()
androidx.appcompat.widget.AppCompatSpinner$DropdownPopup$2: androidx.appcompat.widget.AppCompatSpinner$DropdownPopup this$1
androidx.appcompat.widget.SwitchCompat: int mSwitchWidth
androidx.appcompat.widget.AppCompatDrawableManager$VdcInflateDelegate: AppCompatDrawableManager$VdcInflateDelegate()
androidx.appcompat.widget.DecorToolbar: void setMenu(android.view.Menu,androidx.appcompat.view.menu.MenuPresenter$Callback)
androidx.fragment.R$layout: int notification_template_part_chronometer
androidx.core.provider.FontsContractCompat$FontRequestCallback: int FAIL_REASON_FONT_LOAD_ERROR
androidx.lifecycle.ViewModelStore: void clear()
androidx.core.widget.ScrollerCompat
androidx.collection.MapCollections$ArrayIterator: int mOffset
androidx.appcompat.view.menu.MenuItemImpl: android.view.MenuItem setContentDescription(java.lang.CharSequence)
androidx.lifecycle.MediatorLiveData$Source
com.thl.filechooser.R$attr: int reverseLayout
androidx.constraintlayout.solver.widgets.ConstraintWidgetContainer: androidx.constraintlayout.solver.widgets.Snapshot mSnapshot
androidx.core.app.ShareCompat$IntentReader: java.lang.String getHtmlText()
com.thl.filechooser.R$id: int right_side
androidx.recyclerview.widget.LinearLayoutManager$LayoutState: int SCROLLING_OFFSET_NaN
androidx.customview.R$drawable: int notification_bg_low_pressed
androidx.arch.core.executor.TaskExecutor: void postToMainThread(java.lang.Runnable)
androidx.recyclerview.R$dimen: int notification_large_icon_height
androidx.constraintlayout.solver.ArrayLinkedVariables: float remove(androidx.constraintlayout.solver.SolverVariable,boolean)
androidx.constraintlayout.solver.widgets.ConstraintAnchor$ConnectionType: androidx.constraintlayout.solver.widgets.ConstraintAnchor$ConnectionType STRICT
androidx.appcompat.widget.ListPopupWindow: void setDropDownGravity(int)
androidx.recyclerview.widget.StaggeredGridLayoutManager$LazySpanLookup: androidx.recyclerview.widget.StaggeredGridLayoutManager$LazySpanLookup$FullSpanItem getFullSpanItem(int)
androidx.appcompat.widget.AbsActionBarView: androidx.appcompat.widget.ActionMenuPresenter mActionMenuPresenter
androidx.appcompat.app.ActionBar: void setIcon(android.graphics.drawable.Drawable)
com.thl.filechooser.R$styleable: int AppCompatTheme_ratingBarStyleSmall
androidx.appcompat.widget.AppCompatMultiAutoCompleteTextView: android.view.inputmethod.InputConnection onCreateInputConnection(android.view.inputmethod.EditorInfo)
androidx.appcompat.view.menu.SubMenuWrapperICS: java.lang.Object getWrappedObject()
androidx.constraintlayout.widget.ConstraintHelper: void setIds(java.lang.String)