app/mapping.txt
# compiler: R8
# compiler_version: 1.5.68
# min_api: 25
# pg_map_id: 32b4dcc
com.histone.usbassistant.BuildConfig -> c.a.a.a:
    java.lang.String VERSION_NAME -> f
    int VERSION_CODE -> e
    boolean DEBUG -> a
    java.lang.String BUILD_TYPE -> c
    java.lang.String APPLICATION_ID -> b
    java.lang.String FLAVOR -> d
com.histone.usbassistant.BytesUtil -> c.a.a.b:
    byte[] asc2BCDBytes(byte[]) -> a
    byte asc2bcd(byte) -> a
    byte hex2byte(char) -> a
    byte[] hexSpaceString2Bytes(java.lang.String) -> a
    byte[] int2Bytes(int) -> a
    byte[] mergeBytes(byte[][]) -> a
    byte[] short2Bytes(short) -> a
    void showNumByteInfo(java.lang.String,byte[],int) -> a
    byte[] subBytes(byte[],int,int) -> a
    byte[] asc2BCDPaddingF(byte[]) -> b
    byte[] hexString2Bytes(java.lang.String) -> b
    byte[] bcdBytes2Asc(byte[]) -> c
    java.lang.String bytes2HexSpaceString(byte[]) -> d
    java.lang.String bytes2HexString(byte[]) -> e
    int bytes2Int(byte[]) -> f
    short bytes2Short(byte[]) -> g
com.histone.usbassistant.MainActivity -> com.histone.usbassistant.MainActivity:
    android.widget.Button btn_connect -> y
    android.widget.Spinner sp_deviceList -> M
    android.widget.EditText et_inputFile -> J
    android.widget.EditText et_receive -> H
    boolean isConnected -> V
    android.widget.EditText et_interval -> L
    java.lang.String selectDeviceDescps -> Q
    com.histone.usbassistant.Usb usb -> X
    boolean isRTxt -> R
    boolean isLoop -> T
    android.widget.CheckBox cb_isRTxt -> D
    java.util.ArrayList spDeviceList -> N
    android.widget.CheckBox cb_isLoop -> F
    android.os.Handler myHandler -> a0
    android.widget.Button btn_inputFile -> B
    int DISCONNECT -> d0
    int CONNECTED -> c0
    android.widget.ArrayAdapter adapter -> O
    int REFRESH_ADAPTER -> h0
    int SENDING -> g0
    android.widget.EditText et_send -> I
    int SEND -> f0
    int RECEIVE -> e0
    android.widget.Button btn_clearSBuf -> z
    java.lang.String TAG -> b0
    boolean isFileSend -> U
    com.histone.usbassistant.MainActivity$SendTaskThread sendTaskThread -> Z
    boolean isPermissionGranted -> W
    android.widget.EditText et_total -> K
    boolean isSTxt -> S
    com.histone.usbassistant.MainActivity$ReceiveThread receiveThread -> Y
    android.widget.CheckBox cb_isSTxt -> E
    android.widget.Button btn_clearRBuf -> A
    java.util.HashMap toinitDeviceList -> P
    android.widget.CheckBox cb_isFileSend -> G
    android.widget.Button btn_send -> C
com.histone.usbassistant.MainActivity$1 -> com.histone.usbassistant.MainActivity$a:
    com.histone.usbassistant.MainActivity this$0 -> a
    void onPermissionDenied(java.lang.String[]) -> a
    void onPermissionGranted() -> a
com.histone.usbassistant.MainActivity$2 -> com.histone.usbassistant.MainActivity$b:
    com.histone.usbassistant.MainActivity this$0 -> a
    void onFileChoosen(java.lang.String) -> a
com.histone.usbassistant.MainActivity$3 -> com.histone.usbassistant.MainActivity$c:
    com.histone.usbassistant.MainActivity this$0 -> a
com.histone.usbassistant.MainActivity$4 -> com.histone.usbassistant.MainActivity$d:
    com.histone.usbassistant.MainActivity this$0 -> a
com.histone.usbassistant.MainActivity$5 -> com.histone.usbassistant.MainActivity$e:
    com.histone.usbassistant.MainActivity this$0 -> a
com.histone.usbassistant.MainActivity$6 -> com.histone.usbassistant.MainActivity$f:
    com.histone.usbassistant.MainActivity this$0 -> a
com.histone.usbassistant.MainActivity$7 -> com.histone.usbassistant.MainActivity$g:
    com.histone.usbassistant.MainActivity this$0 -> a
com.histone.usbassistant.MainActivity$8 -> com.histone.usbassistant.MainActivity$h:
    com.histone.usbassistant.MainActivity this$0 -> b
com.histone.usbassistant.MainActivity$ReceiveThread -> com.histone.usbassistant.MainActivity$i:
    com.histone.usbassistant.MainActivity this$0 -> c
    boolean isExit -> b
    void exit() -> a
...
androidx.core.app.NotificationCompat$WearableExtender -> b.h.c.l$o:
    java.lang.String KEY_CUSTOM_SIZE_PRESET -> G
    int FLAG_HINT_SHOW_BACKGROUND_ONLY -> O
    java.lang.String KEY_GRAVITY -> I
    int mHintScreenTimeout -> l
    int FLAG_CONTENT_INTENT_AVAILABLE_OFFLINE -> M
    java.lang.String KEY_DISMISSAL_ID -> K
    int mCustomContentHeight -> j
    int mContentActionIndex -> h
    android.app.PendingIntent mDisplayIntent -> c
    int mContentIcon -> f
    java.lang.String mBridgeTag -> n
    int mFlags -> b
    java.util.ArrayList mActions -> a
    java.lang.String EXTRA_WEARABLE_EXTENSIONS -> x
    java.lang.String KEY_FLAGS -> z
    int DEFAULT_GRAVITY -> V
    int SCREEN_TIMEOUT_LONG -> w
    int DEFAULT_FLAGS -> T
    int SIZE_FULL_SCREEN -> u
    int FLAG_BIG_PICTURE_AMBIENT -> R
    int SIZE_MEDIUM -> s
    java.lang.String KEY_PAGES -> B
    int FLAG_START_SCROLL_BOTTOM -> P
    int SIZE_XSMALL -> q
    java.lang.String KEY_CONTENT_ICON -> D
    int FLAG_HINT_HIDE_ICON -> N
    int UNSET_ACTION_INDEX -> o
    java.lang.String KEY_CONTENT_ACTION_INDEX -> F
    java.lang.String KEY_CUSTOM_CONTENT_HEIGHT -> H
    java.lang.String KEY_HINT_SCREEN_TIMEOUT -> J
    int mGravity -> k
    java.lang.String mDismissalId -> m
    java.lang.String KEY_BRIDGE_TAG -> L
    int mCustomSizePreset -> i
    int mContentIconGravity -> g
    java.util.ArrayList mPages -> d
    android.graphics.Bitmap mBackground -> e
    java.lang.String KEY_ACTIONS -> y
androidx.core.app.NotificationCompatBuilder -> b.h.c.m:
    androidx.core.app.NotificationCompat$Builder mBuilderCompat -> b
    android.widget.RemoteViews mBigContentView -> d
    java.util.List mActionExtrasList -> e
    android.widget.RemoteViews mContentView -> c
    android.widget.RemoteViews mHeadsUpContentView -> h
    android.os.Bundle mExtras -> f
    int mGroupAlertBehavior -> g
    android.app.Notification$Builder mBuilder -> a
    void addAction(androidx.core.app.NotificationCompat$Action) -> a
    android.app.Notification$Builder getBuilder() -> a
    void removeSoundAndVibration(android.app.Notification) -> a
    android.app.Notification build() -> b
    android.app.Notification buildInternal() -> c
androidx.core.app.NotificationCompatExtras -> b.h.c.n:
    java.lang.String EXTRA_REMOTE_INPUTS -> f
    java.lang.String EXTRA_LOCAL_ONLY -> a
    java.lang.String EXTRA_GROUP_SUMMARY -> c
    java.lang.String EXTRA_GROUP_KEY -> b
    java.lang.String EXTRA_ACTION_EXTRAS -> e
    java.lang.String EXTRA_SORT_KEY -> d
androidx.core.app.NotificationCompatJellybean -> b.h.c.o:
    java.lang.String KEY_ACTION_INTENT -> f
    java.lang.String KEY_REMOTE_INPUTS -> h
    java.lang.String KEY_RESULT_KEY -> j
    java.lang.reflect.Field sActionIntentField -> y
    java.lang.String KEY_CHOICES -> l
    java.lang.reflect.Field sActionIconField -> w
    java.lang.String KEY_ALLOWED_DATA_TYPES -> n
    java.lang.String KEY_SHOWS_USER_INTERFACE -> p
    boolean sExtrasFieldAccessFailed -> s
    java.lang.Class sActionClass -> u
    java.lang.String TAG -> a
    java.lang.reflect.Field sExtrasField -> r
    java.lang.String EXTRA_ALLOW_GENERATED_REPLIES -> c
    java.lang.String KEY_TITLE -> e
    java.lang.String KEY_EXTRAS -> g
    java.lang.String KEY_DATA_ONLY_REMOTE_INPUTS -> i
    java.lang.String KEY_LABEL -> k
    java.lang.reflect.Field sActionTitleField -> x
    java.lang.String KEY_ALLOW_FREE_FORM_INPUT -> m
    java.lang.reflect.Field sActionsField -> v
    java.lang.String KEY_SEMANTIC_ACTION -> o
    java.lang.Object sExtrasLock -> q
    boolean sActionsAccessFailed -> z
    java.lang.Object sActionsLock -> t
    java.lang.String EXTRA_DATA_ONLY_REMOTE_INPUTS -> b
    java.lang.String KEY_ICON -> d
    android.util.SparseArray buildActionExtrasMap(java.util.List) -> a
    boolean ensureActionReflectionReadyLocked() -> a
    androidx.core.app.RemoteInput fromBundle(android.os.Bundle) -> a
    androidx.core.app.RemoteInput[] fromBundleArray(android.os.Bundle[]) -> a